{"level":"DEBUG","time":"2023-08-16T23:07:44.667+0800","caller":"user/user.go:44","msg":"success send Debug log"}
{"level":"INFO","time":"2023-08-16T23:07:44.668+0800","caller":"user/user.go:46","msg":"success send InFo log"}
{"level":"ERROR","time":"2023-08-16T23:07:44.668+0800","caller":"user/user.go:47","msg":"success send error log"}
{"level":"DEBUG","time":"2023-08-16T23:08:41.831+0800","caller":"user/user.go:44","msg":"success send Debug log"}
{"level":"INFO","time":"2023-08-16T23:08:41.831+0800","caller":"user/user.go:46","msg":"success send InFo log"}
{"level":"ERROR","time":"2023-08-16T23:08:41.832+0800","caller":"user/user.go:47","msg":"success send error log"}
{"level":"DEBUG","time":"2023-08-21T22:38:05.336+0800","caller":"user/user.go:44","msg":"success send Debug log"}
{"level":"INFO","time":"2023-08-21T22:38:05.337+0800","caller":"user/user.go:46","msg":"success send InFo log"}
{"level":"ERROR","time":"2023-08-21T22:38:05.337+0800","caller":"user/user.go:47","msg":"success send error log"}
{"level":"DEBUG","time":"2023-08-26T14:48:50.409+0800","caller":"user/user.go:44","msg":"success send Debug log"}
{"level":"INFO","time":"2023-08-26T14:48:50.409+0800","caller":"user/user.go:46","msg":"success send InFo log"}
{"level":"ERROR","time":"2023-08-26T14:48:50.409+0800","caller":"user/user.go:47","msg":"success send error log"}
{"level":"DEBUG","time":"2023-08-26T14:48:52.984+0800","caller":"user/user.go:44","msg":"success send Debug log"}
{"level":"INFO","time":"2023-08-26T14:48:52.984+0800","caller":"user/user.go:46","msg":"success send InFo log"}
{"level":"ERROR","time":"2023-08-26T14:48:52.985+0800","caller":"user/user.go:47","msg":"success send error log"}
{"level":"DEBUG","time":"2023-08-26T14:49:36.088+0800","caller":"user/user.go:44","msg":"success send Debug log"}
{"level":"INFO","time":"2023-08-26T14:49:36.088+0800","caller":"user/user.go:46","msg":"success send InFo log"}
{"level":"ERROR","time":"2023-08-26T14:49:36.088+0800","caller":"user/user.go:47","msg":"success send error log"}
{"level":"DEBUG","time":"2023-08-27T22:43:36.429+0800","caller":"login.service.v1/login_service.go:40","msg":"success send Debug log"}
{"level":"INFO","time":"2023-08-27T22:43:36.430+0800","caller":"login.service.v1/login_service.go:42","msg":"success send InFo log"}
{"level":"ERROR","time":"2023-08-27T22:43:36.430+0800","caller":"login.service.v1/login_service.go:43","msg":"success send error log"}
{"level":"DEBUG","time":"2023-08-27T22:44:00.716+0800","caller":"login.service.v1/login_service.go:40","msg":"success send Debug log"}
{"level":"INFO","time":"2023-08-27T22:44:00.716+0800","caller":"login.service.v1/login_service.go:42","msg":"success send InFo log"}
{"level":"ERROR","time":"2023-08-27T22:44:00.717+0800","caller":"login.service.v1/login_service.go:43","msg":"success send error log"}
{"level":"DEBUG","time":"2023-08-27T22:50:35.353+0800","caller":"login.service.v1/login_service.go:40","msg":"success send Debug log"}
{"level":"INFO","time":"2023-08-27T22:50:35.353+0800","caller":"login.service.v1/login_service.go:42","msg":"success send InFo log"}
{"level":"ERROR","time":"2023-08-27T22:50:35.354+0800","caller":"login.service.v1/login_service.go:43","msg":"success send error log"}
{"level":"DEBUG","time":"2023-11-04T20:22:37.181+0800","caller":"login.service.v1/login_service.go:41","msg":"success send Debug log"}
{"level":"INFO","time":"2023-11-04T20:22:37.181+0800","caller":"login.service.v1/login_service.go:43","msg":"success send InFo log"}
{"level":"ERROR","time":"2023-11-04T20:22:37.183+0800","caller":"login.service.v1/login_service.go:44","msg":"success send error log"}
